[0602/120132.428:ERROR:process_reader_win.cc(114)] NtOpenThread: {Acesso Negado} Um processo solicitou acesso a um objeto, mas o direito de acesso não lhe foi concedido.  (0xc0000022)
[0602/120132.443:ERROR:exception_snapshot_win.cc(87)] thread ID 17164 not found in process
[0602/120132.443:WARNING:crash_report_exception_handler.cc(60)] ProcessSnapshotWin::Initialize failed
[0602/120535.455:ERROR:process_reader_win.cc(114)] NtOpenThread: {Acesso Negado} Um processo solicitou acesso a um objeto, mas o direito de acesso não lhe foi concedido.  (0xc0000022)
[0602/120535.461:ERROR:exception_snapshot_win.cc(87)] thread ID 11360 not found in process
[0602/120535.461:WARNING:crash_report_exception_handler.cc(60)] ProcessSnapshotWin::Initialize failed
[0602/121231.044:ERROR:process_reader_win.cc(114)] NtOpenThread: {Acesso Negado} Um processo solicitou acesso a um objeto, mas o direito de acesso não lhe foi concedido.  (0xc0000022)
[0602/121231.046:ERROR:exception_snapshot_win.cc(87)] thread ID 6184 not found in process
[0602/121231.046:WARNING:crash_report_exception_handler.cc(60)] ProcessSnapshotWin::Initialize failed
[0604/192546.594:ERROR:crashpad_client_win.cc(489)] CreateProcess: Espaço insuficiente de armazenamento para processar este comando. (0x8)
[0605/113540.183:ERROR:process_reader_win.cc(142)] SuspendThread: Acesso negado. (0x5)
[0605/113542.846:ERROR:process_reader_win.cc(142)] SuspendThread: Acesso negado. (0x5)
[0605/113542.847:ERROR:process_reader_win.cc(142)] SuspendThread: Acesso negado. (0x5)
[0605/113542.847:ERROR:process_reader_win.cc(142)] SuspendThread: Acesso negado. (0x5)
[0605/113542.847:ERROR:process_reader_win.cc(114)] NtOpenThread: {Acesso Negado} Um processo solicitou acesso a um objeto, mas o direito de acesso não lhe foi concedido.  (0xc0000022)
[0605/113542.863:ERROR:exception_snapshot_win.cc(87)] thread ID 4640 not found in process
[0605/113542.863:WARNING:crash_report_exception_handler.cc(60)] ProcessSnapshotWin::Initialize failed
[0608/102438.686:ERROR:process_reader_win.cc(114)] NtOpenThread: {Acesso Negado} Um processo solicitou acesso a um objeto, mas o direito de acesso não lhe foi concedido.  (0xc0000022)
[0608/102438.698:ERROR:exception_snapshot_win.cc(87)] thread ID 6240 not found in process
[0608/102438.698:WARNING:crash_report_exception_handler.cc(60)] ProcessSnapshotWin::Initialize failed
[0608/160826.226:ERROR:process_reader_win.cc(142)] SuspendThread: Acesso negado. (0x5)
[0608/160832.921:ERROR:process_reader_win.cc(142)] SuspendThread: Acesso negado. (0x5)
[0608/160832.921:ERROR:process_reader_win.cc(142)] SuspendThread: Acesso negado. (0x5)
[0608/160832.921:ERROR:process_reader_win.cc(142)] SuspendThread: Acesso negado. (0x5)
[0608/160832.921:ERROR:process_reader_win.cc(142)] SuspendThread: Acesso negado. (0x5)
[0608/160832.921:ERROR:process_reader_win.cc(114)] NtOpenThread: {Acesso Negado} Um processo solicitou acesso a um objeto, mas o direito de acesso não lhe foi concedido.  (0xc0000022)
[0608/160832.923:ERROR:exception_snapshot_win.cc(87)] thread ID 1176 not found in process
[0608/160832.923:WARNING:crash_report_exception_handler.cc(60)] ProcessSnapshotWin::Initialize failed
[0608/161457.586:ERROR:process_reader_win.cc(114)] NtOpenThread: {Acesso Negado} Um processo solicitou acesso a um objeto, mas o direito de acesso não lhe foi concedido.  (0xc0000022)
[0608/161457.587:ERROR:exception_snapshot_win.cc(87)] thread ID 2620 not found in process
[0608/161457.587:WARNING:crash_report_exception_handler.cc(60)] ProcessSnapshotWin::Initialize failed
[0608/171435.726:ERROR:process_reader_win.cc(142)] SuspendThread: Acesso negado. (0x5)
[0608/171445.175:ERROR:process_reader_win.cc(142)] SuspendThread: Acesso negado. (0x5)
[0608/171445.175:ERROR:process_reader_win.cc(142)] SuspendThread: Acesso negado. (0x5)
[0608/171445.175:ERROR:process_reader_win.cc(142)] SuspendThread: Acesso negado. (0x5)
[0608/171445.175:ERROR:process_reader_win.cc(142)] SuspendThread: Acesso negado. (0x5)
[0608/171445.175:ERROR:process_reader_win.cc(114)] NtOpenThread: {Acesso Negado} Um processo solicitou acesso a um objeto, mas o direito de acesso não lhe foi concedido.  (0xc0000022)
[0608/171445.176:ERROR:exception_snapshot_win.cc(87)] thread ID 9900 not found in process
[0608/171445.176:WARNING:crash_report_exception_handler.cc(60)] ProcessSnapshotWin::Initialize failed
[0608/171557.579:ERROR:process_reader_win.cc(142)] SuspendThread: Acesso negado. (0x5)
[0608/171607.340:ERROR:process_reader_win.cc(114)] NtOpenThread: {Acesso Negado} Um processo solicitou acesso a um objeto, mas o direito de acesso não lhe foi concedido.  (0xc0000022)
[0608/171607.341:ERROR:exception_snapshot_win.cc(87)] thread ID 9172 not found in process
[0608/171607.341:WARNING:crash_report_exception_handler.cc(60)] ProcessSnapshotWin::Initialize failed
[0608/171722.853:ERROR:process_reader_win.cc(142)] SuspendThread: Acesso negado. (0x5)
[0608/171729.779:ERROR:process_reader_win.cc(142)] SuspendThread: Acesso negado. (0x5)
[0608/171729.779:ERROR:process_reader_win.cc(142)] SuspendThread: Acesso negado. (0x5)
[0608/171729.779:ERROR:process_reader_win.cc(142)] SuspendThread: Acesso negado. (0x5)
[0608/171729.779:ERROR:process_reader_win.cc(114)] NtOpenThread: {Acesso Negado} Um processo solicitou acesso a um objeto, mas o direito de acesso não lhe foi concedido.  (0xc0000022)
[0608/171729.779:ERROR:exception_snapshot_win.cc(87)] thread ID 13052 not found in process
[0608/171729.779:WARNING:crash_report_exception_handler.cc(60)] ProcessSnapshotWin::Initialize failed
